{"t":{"$date":"2020-08-24T21:26:57.742+00:00"},"s":"I",  "c":"CONTROL",  "id":23285,   "ctx":"main","msg":"Automatically disabling TLS 1.0, to force-enable TLS 1.0 specify --sslDisabledProtocols 'none'"}
{"t":{"$date":"2020-08-24T21:26:57.781+00:00"},"s":"W",  "c":"ASIO",     "id":22601,   "ctx":"main","msg":"No TransportLayer configured during NetworkInterface startup"}
{"t":{"$date":"2020-08-24T21:26:57.783+00:00"},"s":"I",  "c":"NETWORK",  "id":4648601, "ctx":"main","msg":"Implicit TCP FastOpen unavailable. If TCP FastOpen is required, set tcpFastOpenServer, tcpFastOpenClient, and tcpFastOpenQueueSize."}
{"t":{"$date":"2020-08-24T21:26:57.787+00:00"},"s":"I",  "c":"STORAGE",  "id":4615611, "ctx":"initandlisten","msg":"MongoDB starting","attr":{"pid":1,"port":27017,"dbPath":"/data/db","architecture":"64-bit","host":"51545e32cf40"}}
{"t":{"$date":"2020-08-24T21:26:57.788+00:00"},"s":"I",  "c":"CONTROL",  "id":23403,   "ctx":"initandlisten","msg":"Build Info","attr":{"buildInfo":{"version":"4.4.0","gitVersion":"563487e100c4215e2dce98d0af2a6a5a2d67c5cf","openSSLVersion":"OpenSSL 1.1.1  11 Sep 2018","modules":[],"allocator":"tcmalloc","environment":{"distmod":"ubuntu1804","distarch":"x86_64","target_arch":"x86_64"}}}}
{"t":{"$date":"2020-08-24T21:26:57.788+00:00"},"s":"I",  "c":"CONTROL",  "id":51765,   "ctx":"initandlisten","msg":"Operating System","attr":{"os":{"name":"Ubuntu","version":"18.04"}}}
{"t":{"$date":"2020-08-24T21:26:57.789+00:00"},"s":"I",  "c":"CONTROL",  "id":21951,   "ctx":"initandlisten","msg":"Options set by command line","attr":{"options":{"config":"/etc/mongod.conf","net":{"bindIp":"*","port":27017},"processManagement":{"timeZoneInfo":"/usr/share/zoneinfo"},"security":{"authorization":"enabled"},"storage":{"dbPath":"/data/db","journal":{"enabled":true}},"systemLog":{"destination":"file","logAppend":true,"path":"/var/log/mongodb/mongod.log"}}}}
{"t":{"$date":"2020-08-24T21:26:57.803+00:00"},"s":"I",  "c":"STORAGE",  "id":22270,   "ctx":"initandlisten","msg":"Storage engine to use detected by data files","attr":{"dbpath":"/data/db","storageEngine":"wiredTiger"}}
{"t":{"$date":"2020-08-24T21:26:57.811+00:00"},"s":"I",  "c":"STORAGE",  "id":22315,   "ctx":"initandlisten","msg":"Opening WiredTiger","attr":{"config":"create,cache_size=483M,session_max=33000,eviction=(threads_min=4,threads_max=4),config_base=false,statistics=(fast),log=(enabled=true,archive=true,path=journal,compressor=snappy),file_manager=(close_idle_time=100000,close_scan_interval=10,close_handle_minimum=250),statistics_log=(wait=0),verbose=[recovery_progress,checkpoint_progress,compact_progress],"}}
{"t":{"$date":"2020-08-24T21:26:58.807+00:00"},"s":"E",  "c":"STORAGE",  "id":22435,   "ctx":"initandlisten","msg":"WiredTiger error","attr":{"error":95,"message":"[1598304418:807438][1:0x7f00f4f28a80], connection: __posix_std_fallocate, 58: /data/db/journal/WiredTigerTmplog.0000000001: fallocate:: Operation not supported"}}
{"t":{"$date":"2020-08-24T21:26:58.808+00:00"},"s":"E",  "c":"STORAGE",  "id":22435,   "ctx":"initandlisten","msg":"WiredTiger error","attr":{"error":95,"message":"[1598304418:808063][1:0x7f00f4f28a80], connection: __posix_sys_fallocate, 75: /data/db/journal/WiredTigerTmplog.0000000001: fallocate:: Operation not supported"}}
{"t":{"$date":"2020-08-24T21:27:14.612+00:00"},"s":"I",  "c":"STORAGE",  "id":22430,   "ctx":"initandlisten","msg":"WiredTiger message","attr":{"message":"[1598304434:612230][1:0x7f00f4f28a80], txn-recover: [WT_VERB_RECOVERY_PROGRESS] Recovering log 12 through 13"}}
{"t":{"$date":"2020-08-24T21:27:15.340+00:00"},"s":"I",  "c":"STORAGE",  "id":22430,   "ctx":"initandlisten","msg":"WiredTiger message","attr":{"message":"[1598304435:340048][1:0x7f00f4f28a80], txn-recover: [WT_VERB_RECOVERY_PROGRESS] Recovering log 13 through 13"}}
{"t":{"$date":"2020-08-24T21:27:16.214+00:00"},"s":"I",  "c":"STORAGE",  "id":22430,   "ctx":"initandlisten","msg":"WiredTiger message","attr":{"message":"[1598304436:214176][1:0x7f00f4f28a80], txn-recover: [WT_VERB_RECOVERY | WT_VERB_RECOVERY_PROGRESS] Main recovery loop: starting at 12/11520 to 13/256"}}
{"t":{"$date":"2020-08-24T21:27:17.211+00:00"},"s":"I",  "c":"STORAGE",  "id":22430,   "ctx":"initandlisten","msg":"WiredTiger message","attr":{"message":"[1598304437:211716][1:0x7f00f4f28a80], txn-recover: [WT_VERB_RECOVERY_PROGRESS] Recovering log 12 through 13"}}
{"t":{"$date":"2020-08-24T21:27:17.992+00:00"},"s":"I",  "c":"STORAGE",  "id":22430,   "ctx":"initandlisten","msg":"WiredTiger message","attr":{"message":"[1598304437:992177][1:0x7f00f4f28a80], txn-recover: [WT_VERB_RECOVERY_PROGRESS] Recovering log 13 through 13"}}
{"t":{"$date":"2020-08-24T21:27:18.081+00:00"},"s":"I",  "c":"STORAGE",  "id":22430,   "ctx":"initandlisten","msg":"WiredTiger message","attr":{"message":"[1598304438:81141][1:0x7f00f4f28a80], txn-recover: [WT_VERB_RECOVERY | WT_VERB_RECOVERY_PROGRESS] Set global recovery timestamp: (0, 0)"}}
{"t":{"$date":"2020-08-24T21:27:18.124+00:00"},"s":"I",  "c":"STORAGE",  "id":4795906, "ctx":"initandlisten","msg":"WiredTiger opened","attr":{"durationMillis":20312}}
{"t":{"$date":"2020-08-24T21:27:18.124+00:00"},"s":"I",  "c":"RECOVERY", "id":23987,   "ctx":"initandlisten","msg":"WiredTiger recoveryTimestamp","attr":{"recoveryTimestamp":{"$timestamp":{"t":0,"i":0}}}}
{"t":{"$date":"2020-08-24T21:27:18.127+00:00"},"s":"E",  "c":"STORAGE",  "id":22435,   "ctx":"thread1","msg":"WiredTiger error","attr":{"error":95,"message":"[1598304438:127628][1:0x7f00eb21f700], log-server: __posix_std_fallocate, 58: /data/db/journal/WiredTigerTmplog.0000000002: fallocate:: Operation not supported"}}
{"t":{"$date":"2020-08-24T21:27:18.128+00:00"},"s":"E",  "c":"STORAGE",  "id":22435,   "ctx":"thread1","msg":"WiredTiger error","attr":{"error":95,"message":"[1598304438:128171][1:0x7f00eb21f700], log-server: __posix_sys_fallocate, 75: /data/db/journal/WiredTigerTmplog.0000000002: fallocate:: Operation not supported"}}
{"t":{"$date":"2020-08-24T21:27:18.151+00:00"},"s":"I",  "c":"STORAGE",  "id":22262,   "ctx":"initandlisten","msg":"Timestamp monitor starting"}
{"t":{"$date":"2020-08-24T21:27:18.198+00:00"},"s":"I",  "c":"STORAGE",  "id":20536,   "ctx":"initandlisten","msg":"Flow Control is enabled on this deployment"}
{"t":{"$date":"2020-08-24T21:27:18.226+00:00"},"s":"I",  "c":"FTDC",     "id":20625,   "ctx":"initandlisten","msg":"Initializing full-time diagnostic data capture","attr":{"dataDirectory":"/data/db/diagnostic.data"}}
{"t":{"$date":"2020-08-24T21:27:18.241+00:00"},"s":"I",  "c":"NETWORK",  "id":23015,   "ctx":"listener","msg":"Listening on","attr":{"address":"/tmp/mongodb-27017.sock"}}
{"t":{"$date":"2020-08-24T21:27:18.243+00:00"},"s":"I",  "c":"NETWORK",  "id":23015,   "ctx":"listener","msg":"Listening on","attr":{"address":"0.0.0.0"}}
{"t":{"$date":"2020-08-24T21:27:18.243+00:00"},"s":"I",  "c":"NETWORK",  "id":23016,   "ctx":"listener","msg":"Waiting for connections","attr":{"port":27017,"ssl":"off"}}
{"t":{"$date":"2020-08-24T21:27:33.784+00:00"},"s":"E",  "c":"STORAGE",  "id":22435,   "ctx":"thread1","msg":"WiredTiger error","attr":{"error":95,"message":"[1598304453:784531][1:0x7f00eb21f700], log-server: __posix_std_fallocate, 58: /data/db/journal/WiredTigerTmplog.0000000003: fallocate:: Operation not supported"}}
{"t":{"$date":"2020-08-24T21:27:33.785+00:00"},"s":"E",  "c":"STORAGE",  "id":22435,   "ctx":"thread1","msg":"WiredTiger error","attr":{"error":95,"message":"[1598304453:785059][1:0x7f00eb21f700], log-server: __posix_sys_fallocate, 75: /data/db/journal/WiredTigerTmplog.0000000003: fallocate:: Operation not supported"}}
{"t":{"$date":"2020-08-24T21:29:45.114+00:00"},"s":"I",  "c":"CONTROL",  "id":23377,   "ctx":"SignalHandler","msg":"Received signal","attr":{"signal":15,"error":"Terminated"}}
{"t":{"$date":"2020-08-24T21:29:45.114+00:00"},"s":"I",  "c":"CONTROL",  "id":23378,   "ctx":"SignalHandler","msg":"Signal was sent by kill(2)","attr":{"pid":0,"uid":0}}
{"t":{"$date":"2020-08-24T21:29:45.115+00:00"},"s":"I",  "c":"CONTROL",  "id":23381,   "ctx":"SignalHandler","msg":"will terminate after current cmd ends"}
{"t":{"$date":"2020-08-24T21:29:45.117+00:00"},"s":"I",  "c":"NETWORK",  "id":20562,   "ctx":"SignalHandler","msg":"Shutdown: going to close listening sockets"}
{"t":{"$date":"2020-08-24T21:29:45.120+00:00"},"s":"I",  "c":"NETWORK",  "id":23017,   "ctx":"listener","msg":"removing socket file","attr":{"path":"/tmp/mongodb-27017.sock"}}
{"t":{"$date":"2020-08-24T21:29:45.123+00:00"},"s":"I",  "c":"-",        "id":20520,   "ctx":"SignalHandler","msg":"Stopping further Flow Control ticket acquisitions."}
{"t":{"$date":"2020-08-24T21:29:45.124+00:00"},"s":"I",  "c":"-",        "id":4695300, "ctx":"SignalHandler","msg":"Interrupted all currently running operations","attr":{"opsKilled":3}}
{"t":{"$date":"2020-08-24T21:29:45.125+00:00"},"s":"I",  "c":"CONTROL",  "id":20609,   "ctx":"SignalHandler","msg":"Shutting down free monitoring"}
{"t":{"$date":"2020-08-24T21:29:45.126+00:00"},"s":"I",  "c":"FTDC",     "id":20626,   "ctx":"SignalHandler","msg":"Shutting down full-time diagnostic data capture"}
{"t":{"$date":"2020-08-24T21:29:45.150+00:00"},"s":"I",  "c":"STORAGE",  "id":20282,   "ctx":"SignalHandler","msg":"Deregistering all the collections"}
{"t":{"$date":"2020-08-24T21:29:45.152+00:00"},"s":"I",  "c":"STORAGE",  "id":22261,   "ctx":"SignalHandler","msg":"Timestamp monitor shutting down"}
{"t":{"$date":"2020-08-24T21:29:45.154+00:00"},"s":"I",  "c":"STORAGE",  "id":22317,   "ctx":"SignalHandler","msg":"WiredTigerKVEngine shutting down"}
{"t":{"$date":"2020-08-24T21:29:45.156+00:00"},"s":"I",  "c":"STORAGE",  "id":22318,   "ctx":"SignalHandler","msg":"Shutting down session sweeper thread"}
{"t":{"$date":"2020-08-24T21:29:45.160+00:00"},"s":"I",  "c":"STORAGE",  "id":22319,   "ctx":"SignalHandler","msg":"Finished shutting down session sweeper thread"}
{"t":{"$date":"2020-08-24T21:29:45.161+00:00"},"s":"I",  "c":"STORAGE",  "id":22320,   "ctx":"SignalHandler","msg":"Shutting down journal flusher thread"}
{"t":{"$date":"2020-08-24T21:29:45.162+00:00"},"s":"I",  "c":"STORAGE",  "id":22321,   "ctx":"SignalHandler","msg":"Finished shutting down journal flusher thread"}
{"t":{"$date":"2020-08-24T21:29:45.163+00:00"},"s":"I",  "c":"STORAGE",  "id":22322,   "ctx":"SignalHandler","msg":"Shutting down checkpoint thread"}
{"t":{"$date":"2020-08-24T21:29:45.164+00:00"},"s":"I",  "c":"STORAGE",  "id":22323,   "ctx":"SignalHandler","msg":"Finished shutting down checkpoint thread"}
{"t":{"$date":"2020-08-24T21:29:45.165+00:00"},"s":"I",  "c":"STORAGE",  "id":4795902, "ctx":"SignalHandler","msg":"Closing WiredTiger","attr":{"closeConfig":"leak_memory=true,"}}
{"t":{"$date":"2020-08-24T21:29:45.244+00:00"},"s":"I",  "c":"STORAGE",  "id":4795901, "ctx":"SignalHandler","msg":"WiredTiger closed","attr":{"durationMillis":79}}
{"t":{"$date":"2020-08-24T21:29:45.244+00:00"},"s":"I",  "c":"STORAGE",  "id":22279,   "ctx":"SignalHandler","msg":"shutdown: removing fs lock..."}
{"t":{"$date":"2020-08-24T21:29:45.246+00:00"},"s":"I",  "c":"CONTROL",  "id":20565,   "ctx":"SignalHandler","msg":"Now exiting"}
{"t":{"$date":"2020-08-24T21:29:45.247+00:00"},"s":"I",  "c":"CONTROL",  "id":23138,   "ctx":"SignalHandler","msg":"Shutting down","attr":{"exitCode":0}}

{"t":{"$date":"2020-08-24T21:29:50.099+00:00"},"s":"W",  "c":"CONTROL",  "id":20698,   "ctx":"main","msg":"***** SERVER RESTARTED *****","tags":["startupWarnings"]}
{"t":{"$date":"2020-08-24T21:29:50.102+00:00"},"s":"I",  "c":"CONTROL",  "id":23285,   "ctx":"main","msg":"Automatically disabling TLS 1.0, to force-enable TLS 1.0 specify --sslDisabledProtocols 'none'"}
{"t":{"$date":"2020-08-24T21:29:50.135+00:00"},"s":"W",  "c":"ASIO",     "id":22601,   "ctx":"main","msg":"No TransportLayer configured during NetworkInterface startup"}
{"t":{"$date":"2020-08-24T21:29:50.136+00:00"},"s":"I",  "c":"NETWORK",  "id":4648601, "ctx":"main","msg":"Implicit TCP FastOpen unavailable. If TCP FastOpen is required, set tcpFastOpenServer, tcpFastOpenClient, and tcpFastOpenQueueSize."}
{"t":{"$date":"2020-08-24T21:29:50.138+00:00"},"s":"I",  "c":"STORAGE",  "id":4615611, "ctx":"initandlisten","msg":"MongoDB starting","attr":{"pid":1,"port":27017,"dbPath":"/data/db","architecture":"64-bit","host":"c44badd73ea3"}}
{"t":{"$date":"2020-08-24T21:29:50.138+00:00"},"s":"I",  "c":"CONTROL",  "id":23403,   "ctx":"initandlisten","msg":"Build Info","attr":{"buildInfo":{"version":"4.4.0","gitVersion":"563487e100c4215e2dce98d0af2a6a5a2d67c5cf","openSSLVersion":"OpenSSL 1.1.1  11 Sep 2018","modules":[],"allocator":"tcmalloc","environment":{"distmod":"ubuntu1804","distarch":"x86_64","target_arch":"x86_64"}}}}
{"t":{"$date":"2020-08-24T21:29:50.139+00:00"},"s":"I",  "c":"CONTROL",  "id":51765,   "ctx":"initandlisten","msg":"Operating System","attr":{"os":{"name":"Ubuntu","version":"18.04"}}}
{"t":{"$date":"2020-08-24T21:29:50.139+00:00"},"s":"I",  "c":"CONTROL",  "id":21951,   "ctx":"initandlisten","msg":"Options set by command line","attr":{"options":{"config":"/etc/mongod.conf","net":{"bindIp":"*","port":27017},"processManagement":{"timeZoneInfo":"/usr/share/zoneinfo"},"security":{"authorization":"enabled"},"storage":{"dbPath":"/data/db","journal":{"enabled":true}},"systemLog":{"destination":"file","logAppend":true,"path":"/var/log/mongodb/mongod.log"}}}}
{"t":{"$date":"2020-08-24T21:29:50.149+00:00"},"s":"I",  "c":"STORAGE",  "id":22270,   "ctx":"initandlisten","msg":"Storage engine to use detected by data files","attr":{"dbpath":"/data/db","storageEngine":"wiredTiger"}}
{"t":{"$date":"2020-08-24T21:29:50.158+00:00"},"s":"I",  "c":"STORAGE",  "id":22315,   "ctx":"initandlisten","msg":"Opening WiredTiger","attr":{"config":"create,cache_size=483M,session_max=33000,eviction=(threads_min=4,threads_max=4),config_base=false,statistics=(fast),log=(enabled=true,archive=true,path=journal,compressor=snappy),file_manager=(close_idle_time=100000,close_scan_interval=10,close_handle_minimum=250),statistics_log=(wait=0),verbose=[recovery_progress,checkpoint_progress,compact_progress],"}}
{"t":{"$date":"2020-08-24T21:29:51.106+00:00"},"s":"E",  "c":"STORAGE",  "id":22435,   "ctx":"initandlisten","msg":"WiredTiger error","attr":{"error":95,"message":"[1598304591:106599][1:0x7fa236828a80], connection: __posix_std_fallocate, 58: /data/db/journal/WiredTigerTmplog.0000000001: fallocate:: Operation not supported"}}
{"t":{"$date":"2020-08-24T21:29:51.107+00:00"},"s":"E",  "c":"STORAGE",  "id":22435,   "ctx":"initandlisten","msg":"WiredTiger error","attr":{"error":95,"message":"[1598304591:107210][1:0x7fa236828a80], connection: __posix_sys_fallocate, 75: /data/db/journal/WiredTigerTmplog.0000000001: fallocate:: Operation not supported"}}
{"t":{"$date":"2020-08-24T21:30:04.927+00:00"},"s":"I",  "c":"STORAGE",  "id":22430,   "ctx":"initandlisten","msg":"WiredTiger message","attr":{"message":"[1598304604:927502][1:0x7fa236828a80], txn-recover: [WT_VERB_RECOVERY_PROGRESS] Recovering log 13 through 14"}}
{"t":{"$date":"2020-08-24T21:30:05.692+00:00"},"s":"I",  "c":"STORAGE",  "id":22430,   "ctx":"initandlisten","msg":"WiredTiger message","attr":{"message":"[1598304605:692551][1:0x7fa236828a80], txn-recover: [WT_VERB_RECOVERY_PROGRESS] Recovering log 14 through 14"}}
{"t":{"$date":"2020-08-24T21:30:06.501+00:00"},"s":"I",  "c":"STORAGE",  "id":22430,   "ctx":"initandlisten","msg":"WiredTiger message","attr":{"message":"[1598304606:501070][1:0x7fa236828a80], txn-recover: [WT_VERB_RECOVERY | WT_VERB_RECOVERY_PROGRESS] Main recovery loop: starting at 13/6656 to 14/256"}}
{"t":{"$date":"2020-08-24T21:30:07.481+00:00"},"s":"I",  "c":"STORAGE",  "id":22430,   "ctx":"initandlisten","msg":"WiredTiger message","attr":{"message":"[1598304607:481773][1:0x7fa236828a80], txn-recover: [WT_VERB_RECOVERY_PROGRESS] Recovering log 13 through 14"}}
{"t":{"$date":"2020-08-24T21:30:08.831+00:00"},"s":"I",  "c":"STORAGE",  "id":22430,   "ctx":"initandlisten","msg":"WiredTiger message","attr":{"message":"[1598304608:831490][1:0x7fa236828a80], txn-recover: [WT_VERB_RECOVERY_PROGRESS] Recovering log 14 through 14"}}
{"t":{"$date":"2020-08-24T21:30:08.913+00:00"},"s":"I",  "c":"STORAGE",  "id":22430,   "ctx":"initandlisten","msg":"WiredTiger message","attr":{"message":"[1598304608:913093][1:0x7fa236828a80], txn-recover: [WT_VERB_RECOVERY | WT_VERB_RECOVERY_PROGRESS] Set global recovery timestamp: (0, 0)"}}
{"t":{"$date":"2020-08-24T21:30:08.948+00:00"},"s":"I",  "c":"STORAGE",  "id":4795906, "ctx":"initandlisten","msg":"WiredTiger opened","attr":{"durationMillis":18789}}
{"t":{"$date":"2020-08-24T21:30:08.950+00:00"},"s":"I",  "c":"RECOVERY", "id":23987,   "ctx":"initandlisten","msg":"WiredTiger recoveryTimestamp","attr":{"recoveryTimestamp":{"$timestamp":{"t":0,"i":0}}}}
{"t":{"$date":"2020-08-24T21:30:08.955+00:00"},"s":"E",  "c":"STORAGE",  "id":22435,   "ctx":"thread1","msg":"WiredTiger error","attr":{"error":95,"message":"[1598304608:954958][1:0x7fa22cb1f700], log-server: __posix_std_fallocate, 58: /data/db/journal/WiredTigerTmplog.0000000002: fallocate:: Operation not supported"}}
{"t":{"$date":"2020-08-24T21:30:08.956+00:00"},"s":"E",  "c":"STORAGE",  "id":22435,   "ctx":"thread1","msg":"WiredTiger error","attr":{"error":95,"message":"[1598304608:956173][1:0x7fa22cb1f700], log-server: __posix_sys_fallocate, 75: /data/db/journal/WiredTigerTmplog.0000000002: fallocate:: Operation not supported"}}
{"t":{"$date":"2020-08-24T21:30:08.983+00:00"},"s":"I",  "c":"STORAGE",  "id":22262,   "ctx":"initandlisten","msg":"Timestamp monitor starting"}
{"t":{"$date":"2020-08-24T21:30:09.026+00:00"},"s":"I",  "c":"STORAGE",  "id":20536,   "ctx":"initandlisten","msg":"Flow Control is enabled on this deployment"}
{"t":{"$date":"2020-08-24T21:30:09.049+00:00"},"s":"I",  "c":"FTDC",     "id":20625,   "ctx":"initandlisten","msg":"Initializing full-time diagnostic data capture","attr":{"dataDirectory":"/data/db/diagnostic.data"}}
{"t":{"$date":"2020-08-24T21:30:09.060+00:00"},"s":"I",  "c":"NETWORK",  "id":23015,   "ctx":"listener","msg":"Listening on","attr":{"address":"/tmp/mongodb-27017.sock"}}
{"t":{"$date":"2020-08-24T21:30:09.061+00:00"},"s":"I",  "c":"NETWORK",  "id":23015,   "ctx":"listener","msg":"Listening on","attr":{"address":"0.0.0.0"}}
{"t":{"$date":"2020-08-24T21:30:09.061+00:00"},"s":"I",  "c":"NETWORK",  "id":23016,   "ctx":"listener","msg":"Waiting for connections","attr":{"port":27017,"ssl":"off"}}
{"t":{"$date":"2020-08-24T21:30:23.365+00:00"},"s":"E",  "c":"STORAGE",  "id":22435,   "ctx":"thread1","msg":"WiredTiger error","attr":{"error":95,"message":"[1598304623:365854][1:0x7fa22cb1f700], log-server: __posix_std_fallocate, 58: /data/db/journal/WiredTigerTmplog.0000000003: fallocate:: Operation not supported"}}
{"t":{"$date":"2020-08-24T21:30:23.366+00:00"},"s":"E",  "c":"STORAGE",  "id":22435,   "ctx":"thread1","msg":"WiredTiger error","attr":{"error":95,"message":"[1598304623:366254][1:0x7fa22cb1f700], log-server: __posix_sys_fallocate, 75: /data/db/journal/WiredTigerTmplog.0000000003: fallocate:: Operation not supported"}}
{"t":{"$date":"2020-08-24T21:31:12.194+00:00"},"s":"I",  "c":"NETWORK",  "id":22943,   "ctx":"listener","msg":"connection accepted","attr":{"remote":"172.29.0.1:50278","sessionId":1,"connectionCount":1}}
{"t":{"$date":"2020-08-24T21:31:12.200+00:00"},"s":"I",  "c":"NETWORK",  "id":51800,   "ctx":"conn1","msg":"client metadata","attr":{"remote":"172.29.0.1:50278","client":"conn1","doc":{"application":{"name":"robo3t"},"driver":{"name":"MongoDB Internal Client","version":"4.0.5-18-g7e327a9"},"os":{"type":"Darwin","name":"Mac OS X","architecture":"x86_64","version":"17.7.0"}}}}
{"t":{"$date":"2020-08-24T21:31:12.252+00:00"},"s":"I",  "c":"ACCESS",   "id":20250,   "ctx":"conn1","msg":"Successful authentication","attr":{"mechanism":"SCRAM-SHA-1","principalName":"root","authenticationDatabase":"admin","client":"172.29.0.1:50278"}}
{"t":{"$date":"2020-08-24T21:31:12.323+00:00"},"s":"I",  "c":"NETWORK",  "id":22943,   "ctx":"listener","msg":"connection accepted","attr":{"remote":"172.29.0.1:50282","sessionId":2,"connectionCount":2}}
{"t":{"$date":"2020-08-24T21:31:12.325+00:00"},"s":"I",  "c":"NETWORK",  "id":51800,   "ctx":"conn2","msg":"client metadata","attr":{"remote":"172.29.0.1:50282","client":"conn2","doc":{"application":{"name":"MongoDB Shell"},"driver":{"name":"MongoDB Internal Client","version":"4.0.5-18-g7e327a9"},"os":{"type":"Darwin","name":"Mac OS X","architecture":"x86_64","version":"17.7.0"}}}}
{"t":{"$date":"2020-08-24T21:31:12.382+00:00"},"s":"I",  "c":"ACCESS",   "id":20250,   "ctx":"conn2","msg":"Successful authentication","attr":{"mechanism":"SCRAM-SHA-256","principalName":"root","authenticationDatabase":"admin","client":"172.29.0.1:50282"}}
{"t":{"$date":"2020-08-24T21:31:17.317+00:00"},"s":"I",  "c":"NETWORK",  "id":22943,   "ctx":"listener","msg":"connection accepted","attr":{"remote":"172.29.0.1:50286","sessionId":3,"connectionCount":3}}
{"t":{"$date":"2020-08-24T21:31:17.319+00:00"},"s":"I",  "c":"NETWORK",  "id":51800,   "ctx":"conn3","msg":"client metadata","attr":{"remote":"172.29.0.1:50286","client":"conn3","doc":{"application":{"name":"robo3t"},"driver":{"name":"MongoDB Internal Client","version":"4.0.5-18-g7e327a9"},"os":{"type":"Darwin","name":"Mac OS X","architecture":"x86_64","version":"17.7.0"}}}}
{"t":{"$date":"2020-08-24T21:31:17.332+00:00"},"s":"I",  "c":"ACCESS",   "id":20249,   "ctx":"conn3","msg":"Authentication failed","attr":{"mechanism":"SCRAM-SHA-1","principalName":"dev_user","authenticationDatabase":"dev_db","client":"172.29.0.1:50286","result":"UserNotFound: Could not find user \"dev_user\" for db \"dev_db\""}}
{"t":{"$date":"2020-08-24T21:31:19.718+00:00"},"s":"I",  "c":"NETWORK",  "id":22944,   "ctx":"conn3","msg":"connection ended","attr":{"remote":"172.29.0.1:50286","connectionCount":2}}
{"t":{"$date":"2020-08-24T21:37:23.196+00:00"},"s":"I",  "c":"CONTROL",  "id":23377,   "ctx":"SignalHandler","msg":"Received signal","attr":{"signal":15,"error":"Terminated"}}
{"t":{"$date":"2020-08-24T21:37:23.197+00:00"},"s":"I",  "c":"CONTROL",  "id":23378,   "ctx":"SignalHandler","msg":"Signal was sent by kill(2)","attr":{"pid":0,"uid":0}}
{"t":{"$date":"2020-08-24T21:37:23.198+00:00"},"s":"I",  "c":"CONTROL",  "id":23381,   "ctx":"SignalHandler","msg":"will terminate after current cmd ends"}
{"t":{"$date":"2020-08-24T21:37:23.201+00:00"},"s":"I",  "c":"NETWORK",  "id":20562,   "ctx":"SignalHandler","msg":"Shutdown: going to close listening sockets"}
{"t":{"$date":"2020-08-24T21:37:23.208+00:00"},"s":"I",  "c":"NETWORK",  "id":23017,   "ctx":"listener","msg":"removing socket file","attr":{"path":"/tmp/mongodb-27017.sock"}}
{"t":{"$date":"2020-08-24T21:37:23.212+00:00"},"s":"I",  "c":"-",        "id":20520,   "ctx":"SignalHandler","msg":"Stopping further Flow Control ticket acquisitions."}
{"t":{"$date":"2020-08-24T21:37:23.214+00:00"},"s":"I",  "c":"-",        "id":4695300, "ctx":"SignalHandler","msg":"Interrupted all currently running operations","attr":{"opsKilled":3}}
{"t":{"$date":"2020-08-24T21:37:23.216+00:00"},"s":"I",  "c":"CONTROL",  "id":20609,   "ctx":"SignalHandler","msg":"Shutting down free monitoring"}
{"t":{"$date":"2020-08-24T21:37:23.219+00:00"},"s":"I",  "c":"FTDC",     "id":20626,   "ctx":"SignalHandler","msg":"Shutting down full-time diagnostic data capture"}
{"t":{"$date":"2020-08-24T21:37:23.241+00:00"},"s":"I",  "c":"STORAGE",  "id":20282,   "ctx":"SignalHandler","msg":"Deregistering all the collections"}
{"t":{"$date":"2020-08-24T21:37:23.243+00:00"},"s":"I",  "c":"STORAGE",  "id":22261,   "ctx":"SignalHandler","msg":"Timestamp monitor shutting down"}
{"t":{"$date":"2020-08-24T21:37:23.244+00:00"},"s":"I",  "c":"STORAGE",  "id":22317,   "ctx":"SignalHandler","msg":"WiredTigerKVEngine shutting down"}
{"t":{"$date":"2020-08-24T21:37:23.245+00:00"},"s":"I",  "c":"STORAGE",  "id":22318,   "ctx":"SignalHandler","msg":"Shutting down session sweeper thread"}
{"t":{"$date":"2020-08-24T21:37:23.245+00:00"},"s":"I",  "c":"STORAGE",  "id":22319,   "ctx":"SignalHandler","msg":"Finished shutting down session sweeper thread"}
{"t":{"$date":"2020-08-24T21:37:23.246+00:00"},"s":"I",  "c":"STORAGE",  "id":22320,   "ctx":"SignalHandler","msg":"Shutting down journal flusher thread"}
{"t":{"$date":"2020-08-24T21:37:23.247+00:00"},"s":"I",  "c":"STORAGE",  "id":22321,   "ctx":"SignalHandler","msg":"Finished shutting down journal flusher thread"}
{"t":{"$date":"2020-08-24T21:37:23.247+00:00"},"s":"I",  "c":"STORAGE",  "id":22322,   "ctx":"SignalHandler","msg":"Shutting down checkpoint thread"}
{"t":{"$date":"2020-08-24T21:37:23.248+00:00"},"s":"I",  "c":"STORAGE",  "id":22323,   "ctx":"SignalHandler","msg":"Finished shutting down checkpoint thread"}
{"t":{"$date":"2020-08-24T21:37:23.249+00:00"},"s":"I",  "c":"STORAGE",  "id":4795902, "ctx":"SignalHandler","msg":"Closing WiredTiger","attr":{"closeConfig":"leak_memory=true,"}}
{"t":{"$date":"2020-08-24T21:37:23.317+00:00"},"s":"I",  "c":"STORAGE",  "id":4795901, "ctx":"SignalHandler","msg":"WiredTiger closed","attr":{"durationMillis":68}}
{"t":{"$date":"2020-08-24T21:37:23.318+00:00"},"s":"I",  "c":"STORAGE",  "id":22279,   "ctx":"SignalHandler","msg":"shutdown: removing fs lock..."}
{"t":{"$date":"2020-08-24T21:37:23.320+00:00"},"s":"I",  "c":"CONTROL",  "id":20565,   "ctx":"SignalHandler","msg":"Now exiting"}
{"t":{"$date":"2020-08-24T21:37:23.321+00:00"},"s":"I",  "c":"CONTROL",  "id":23138,   "ctx":"SignalHandler","msg":"Shutting down","attr":{"exitCode":0}}

{"t":{"$date":"2020-08-24T21:37:57.805+00:00"},"s":"W",  "c":"CONTROL",  "id":20698,   "ctx":"main","msg":"***** SERVER RESTARTED *****","tags":["startupWarnings"]}
{"t":{"$date":"2020-08-24T21:37:57.809+00:00"},"s":"I",  "c":"CONTROL",  "id":23285,   "ctx":"main","msg":"Automatically disabling TLS 1.0, to force-enable TLS 1.0 specify --sslDisabledProtocols 'none'"}
{"t":{"$date":"2020-08-24T21:37:57.839+00:00"},"s":"W",  "c":"ASIO",     "id":22601,   "ctx":"main","msg":"No TransportLayer configured during NetworkInterface startup"}
{"t":{"$date":"2020-08-24T21:37:57.841+00:00"},"s":"I",  "c":"NETWORK",  "id":4648601, "ctx":"main","msg":"Implicit TCP FastOpen unavailable. If TCP FastOpen is required, set tcpFastOpenServer, tcpFastOpenClient, and tcpFastOpenQueueSize."}
{"t":{"$date":"2020-08-24T21:37:57.843+00:00"},"s":"I",  "c":"STORAGE",  "id":4615611, "ctx":"initandlisten","msg":"MongoDB starting","attr":{"pid":1,"port":27017,"dbPath":"/data/db","architecture":"64-bit","host":"mongodb"}}
{"t":{"$date":"2020-08-24T21:37:57.844+00:00"},"s":"I",  "c":"CONTROL",  "id":23403,   "ctx":"initandlisten","msg":"Build Info","attr":{"buildInfo":{"version":"4.4.0","gitVersion":"563487e100c4215e2dce98d0af2a6a5a2d67c5cf","openSSLVersion":"OpenSSL 1.1.1  11 Sep 2018","modules":[],"allocator":"tcmalloc","environment":{"distmod":"ubuntu1804","distarch":"x86_64","target_arch":"x86_64"}}}}
{"t":{"$date":"2020-08-24T21:37:57.845+00:00"},"s":"I",  "c":"CONTROL",  "id":51765,   "ctx":"initandlisten","msg":"Operating System","attr":{"os":{"name":"Ubuntu","version":"18.04"}}}
{"t":{"$date":"2020-08-24T21:37:57.845+00:00"},"s":"I",  "c":"CONTROL",  "id":21951,   "ctx":"initandlisten","msg":"Options set by command line","attr":{"options":{"config":"/etc/mongod.conf","net":{"bindIp":"*","port":27017},"processManagement":{"timeZoneInfo":"/usr/share/zoneinfo"},"security":{"authorization":"enabled"},"storage":{"dbPath":"/data/db","journal":{"enabled":true}},"systemLog":{"destination":"file","logAppend":true,"path":"/var/log/mongodb/mongod.log"}}}}
{"t":{"$date":"2020-08-24T21:37:57.855+00:00"},"s":"I",  "c":"STORAGE",  "id":22270,   "ctx":"initandlisten","msg":"Storage engine to use detected by data files","attr":{"dbpath":"/data/db","storageEngine":"wiredTiger"}}
{"t":{"$date":"2020-08-24T21:37:57.861+00:00"},"s":"I",  "c":"STORAGE",  "id":22315,   "ctx":"initandlisten","msg":"Opening WiredTiger","attr":{"config":"create,cache_size=483M,session_max=33000,eviction=(threads_min=4,threads_max=4),config_base=false,statistics=(fast),log=(enabled=true,archive=true,path=journal,compressor=snappy),file_manager=(close_idle_time=100000,close_scan_interval=10,close_handle_minimum=250),statistics_log=(wait=0),verbose=[recovery_progress,checkpoint_progress,compact_progress],"}}
{"t":{"$date":"2020-08-24T21:37:58.926+00:00"},"s":"E",  "c":"STORAGE",  "id":22435,   "ctx":"initandlisten","msg":"WiredTiger error","attr":{"error":95,"message":"[1598305078:926048][1:0x7fedfc73ca80], connection: __posix_std_fallocate, 58: /data/db/journal/WiredTigerTmplog.0000000001: fallocate:: Operation not supported"}}
{"t":{"$date":"2020-08-24T21:37:58.926+00:00"},"s":"E",  "c":"STORAGE",  "id":22435,   "ctx":"initandlisten","msg":"WiredTiger error","attr":{"error":95,"message":"[1598305078:926903][1:0x7fedfc73ca80], connection: __posix_sys_fallocate, 75: /data/db/journal/WiredTigerTmplog.0000000001: fallocate:: Operation not supported"}}
{"t":{"$date":"2020-08-24T21:38:12.455+00:00"},"s":"I",  "c":"STORAGE",  "id":22430,   "ctx":"initandlisten","msg":"WiredTiger message","attr":{"message":"[1598305092:455907][1:0x7fedfc73ca80], txn-recover: [WT_VERB_RECOVERY_PROGRESS] Recovering log 14 through 15"}}
{"t":{"$date":"2020-08-24T21:38:13.299+00:00"},"s":"I",  "c":"STORAGE",  "id":22430,   "ctx":"initandlisten","msg":"WiredTiger message","attr":{"message":"[1598305093:299794][1:0x7fedfc73ca80], txn-recover: [WT_VERB_RECOVERY_PROGRESS] Recovering log 15 through 15"}}
{"t":{"$date":"2020-08-24T21:38:14.174+00:00"},"s":"I",  "c":"STORAGE",  "id":22430,   "ctx":"initandlisten","msg":"WiredTiger message","attr":{"message":"[1598305094:174806][1:0x7fedfc73ca80], txn-recover: [WT_VERB_RECOVERY | WT_VERB_RECOVERY_PROGRESS] Main recovery loop: starting at 14/11136 to 15/256"}}
{"t":{"$date":"2020-08-24T21:38:15.066+00:00"},"s":"I",  "c":"STORAGE",  "id":22430,   "ctx":"initandlisten","msg":"WiredTiger message","attr":{"message":"[1598305095:65974][1:0x7fedfc73ca80], txn-recover: [WT_VERB_RECOVERY_PROGRESS] Recovering log 14 through 15"}}
{"t":{"$date":"2020-08-24T21:38:15.928+00:00"},"s":"I",  "c":"STORAGE",  "id":22430,   "ctx":"initandlisten","msg":"WiredTiger message","attr":{"message":"[1598305095:928201][1:0x7fedfc73ca80], txn-recover: [WT_VERB_RECOVERY_PROGRESS] Recovering log 15 through 15"}}
{"t":{"$date":"2020-08-24T21:38:16.020+00:00"},"s":"I",  "c":"STORAGE",  "id":22430,   "ctx":"initandlisten","msg":"WiredTiger message","attr":{"message":"[1598305096:19974][1:0x7fedfc73ca80], txn-recover: [WT_VERB_RECOVERY | WT_VERB_RECOVERY_PROGRESS] Set global recovery timestamp: (0, 0)"}}
{"t":{"$date":"2020-08-24T21:38:16.066+00:00"},"s":"I",  "c":"STORAGE",  "id":4795906, "ctx":"initandlisten","msg":"WiredTiger opened","attr":{"durationMillis":18204}}
{"t":{"$date":"2020-08-24T21:38:16.067+00:00"},"s":"I",  "c":"RECOVERY", "id":23987,   "ctx":"initandlisten","msg":"WiredTiger recoveryTimestamp","attr":{"recoveryTimestamp":{"$timestamp":{"t":0,"i":0}}}}
{"t":{"$date":"2020-08-24T21:38:16.072+00:00"},"s":"E",  "c":"STORAGE",  "id":22435,   "ctx":"thread1","msg":"WiredTiger error","attr":{"error":95,"message":"[1598305096:72579][1:0x7fedf2a33700], log-server: __posix_std_fallocate, 58: /data/db/journal/WiredTigerTmplog.0000000002: fallocate:: Operation not supported"}}
{"t":{"$date":"2020-08-24T21:38:16.073+00:00"},"s":"E",  "c":"STORAGE",  "id":22435,   "ctx":"thread1","msg":"WiredTiger error","attr":{"error":95,"message":"[1598305096:73670][1:0x7fedf2a33700], log-server: __posix_sys_fallocate, 75: /data/db/journal/WiredTigerTmplog.0000000002: fallocate:: Operation not supported"}}
{"t":{"$date":"2020-08-24T21:38:16.099+00:00"},"s":"I",  "c":"STORAGE",  "id":22262,   "ctx":"initandlisten","msg":"Timestamp monitor starting"}
{"t":{"$date":"2020-08-24T21:38:16.165+00:00"},"s":"I",  "c":"STORAGE",  "id":20536,   "ctx":"initandlisten","msg":"Flow Control is enabled on this deployment"}
{"t":{"$date":"2020-08-24T21:38:16.202+00:00"},"s":"I",  "c":"FTDC",     "id":20625,   "ctx":"initandlisten","msg":"Initializing full-time diagnostic data capture","attr":{"dataDirectory":"/data/db/diagnostic.data"}}
{"t":{"$date":"2020-08-24T21:38:16.213+00:00"},"s":"I",  "c":"NETWORK",  "id":23015,   "ctx":"listener","msg":"Listening on","attr":{"address":"/tmp/mongodb-27017.sock"}}
{"t":{"$date":"2020-08-24T21:38:16.215+00:00"},"s":"I",  "c":"NETWORK",  "id":23015,   "ctx":"listener","msg":"Listening on","attr":{"address":"0.0.0.0"}}
{"t":{"$date":"2020-08-24T21:38:16.217+00:00"},"s":"I",  "c":"NETWORK",  "id":23016,   "ctx":"listener","msg":"Waiting for connections","attr":{"port":27017,"ssl":"off"}}
{"t":{"$date":"2020-08-24T21:38:30.228+00:00"},"s":"I",  "c":"NETWORK",  "id":22943,   "ctx":"listener","msg":"connection accepted","attr":{"remote":"172.30.0.1:35874","sessionId":1,"connectionCount":1}}
{"t":{"$date":"2020-08-24T21:38:30.233+00:00"},"s":"I",  "c":"NETWORK",  "id":51800,   "ctx":"conn1","msg":"client metadata","attr":{"remote":"172.30.0.1:35874","client":"conn1","doc":{"application":{"name":"robo3t"},"driver":{"name":"MongoDB Internal Client","version":"4.0.5-18-g7e327a9"},"os":{"type":"Darwin","name":"Mac OS X","architecture":"x86_64","version":"17.7.0"}}}}
{"t":{"$date":"2020-08-24T21:38:30.277+00:00"},"s":"I",  "c":"ACCESS",   "id":20250,   "ctx":"conn1","msg":"Successful authentication","attr":{"mechanism":"SCRAM-SHA-1","principalName":"root","authenticationDatabase":"admin","client":"172.30.0.1:35874"}}
{"t":{"$date":"2020-08-24T21:38:30.384+00:00"},"s":"I",  "c":"NETWORK",  "id":22943,   "ctx":"listener","msg":"connection accepted","attr":{"remote":"172.30.0.1:35878","sessionId":2,"connectionCount":2}}
{"t":{"$date":"2020-08-24T21:38:30.389+00:00"},"s":"I",  "c":"NETWORK",  "id":51800,   "ctx":"conn2","msg":"client metadata","attr":{"remote":"172.30.0.1:35878","client":"conn2","doc":{"application":{"name":"MongoDB Shell"},"driver":{"name":"MongoDB Internal Client","version":"4.0.5-18-g7e327a9"},"os":{"type":"Darwin","name":"Mac OS X","architecture":"x86_64","version":"17.7.0"}}}}
{"t":{"$date":"2020-08-24T21:38:30.421+00:00"},"s":"I",  "c":"ACCESS",   "id":20250,   "ctx":"conn2","msg":"Successful authentication","attr":{"mechanism":"SCRAM-SHA-256","principalName":"root","authenticationDatabase":"admin","client":"172.30.0.1:35878"}}
{"t":{"$date":"2020-08-24T21:38:31.328+00:00"},"s":"E",  "c":"STORAGE",  "id":22435,   "ctx":"thread1","msg":"WiredTiger error","attr":{"error":95,"message":"[1598305111:328533][1:0x7fedf2a33700], log-server: __posix_std_fallocate, 58: /data/db/journal/WiredTigerTmplog.0000000003: fallocate:: Operation not supported"}}
{"t":{"$date":"2020-08-24T21:38:31.329+00:00"},"s":"E",  "c":"STORAGE",  "id":22435,   "ctx":"thread1","msg":"WiredTiger error","attr":{"error":95,"message":"[1598305111:329106][1:0x7fedf2a33700], log-server: __posix_sys_fallocate, 75: /data/db/journal/WiredTigerTmplog.0000000003: fallocate:: Operation not supported"}}
{"t":{"$date":"2020-08-24T21:38:32.326+00:00"},"s":"I",  "c":"NETWORK",  "id":22944,   "ctx":"conn1","msg":"connection ended","attr":{"remote":"172.30.0.1:35874","connectionCount":1}}
{"t":{"$date":"2020-08-24T21:38:32.339+00:00"},"s":"I",  "c":"NETWORK",  "id":22944,   "ctx":"conn2","msg":"connection ended","attr":{"remote":"172.30.0.1:35878","connectionCount":0}}
{"t":{"$date":"2020-08-24T21:38:36.961+00:00"},"s":"I",  "c":"NETWORK",  "id":22943,   "ctx":"listener","msg":"connection accepted","attr":{"remote":"172.30.0.1:35882","sessionId":3,"connectionCount":1}}
{"t":{"$date":"2020-08-24T21:38:36.965+00:00"},"s":"I",  "c":"NETWORK",  "id":51800,   "ctx":"conn3","msg":"client metadata","attr":{"remote":"172.30.0.1:35882","client":"conn3","doc":{"application":{"name":"robo3t"},"driver":{"name":"MongoDB Internal Client","version":"4.0.5-18-g7e327a9"},"os":{"type":"Darwin","name":"Mac OS X","architecture":"x86_64","version":"17.7.0"}}}}
{"t":{"$date":"2020-08-24T21:38:36.981+00:00"},"s":"I",  "c":"ACCESS",   "id":20249,   "ctx":"conn3","msg":"Authentication failed","attr":{"mechanism":"SCRAM-SHA-1","principalName":"dev_user","authenticationDatabase":"dev_db","client":"172.30.0.1:35882","result":"UserNotFound: Could not find user \"dev_user\" for db \"dev_db\""}}
{"t":{"$date":"2020-08-24T21:38:37.028+00:00"},"s":"I",  "c":"NETWORK",  "id":22944,   "ctx":"conn3","msg":"connection ended","attr":{"remote":"172.30.0.1:35882","connectionCount":0}}
{"t":{"$date":"2020-08-24T21:39:41.357+00:00"},"s":"I",  "c":"CONTROL",  "id":23377,   "ctx":"SignalHandler","msg":"Received signal","attr":{"signal":15,"error":"Terminated"}}
{"t":{"$date":"2020-08-24T21:39:41.358+00:00"},"s":"I",  "c":"CONTROL",  "id":23378,   "ctx":"SignalHandler","msg":"Signal was sent by kill(2)","attr":{"pid":0,"uid":0}}
{"t":{"$date":"2020-08-24T21:39:41.358+00:00"},"s":"I",  "c":"CONTROL",  "id":23381,   "ctx":"SignalHandler","msg":"will terminate after current cmd ends"}
{"t":{"$date":"2020-08-24T21:39:41.361+00:00"},"s":"I",  "c":"NETWORK",  "id":20562,   "ctx":"SignalHandler","msg":"Shutdown: going to close listening sockets"}
{"t":{"$date":"2020-08-24T21:39:41.365+00:00"},"s":"I",  "c":"NETWORK",  "id":23017,   "ctx":"listener","msg":"removing socket file","attr":{"path":"/tmp/mongodb-27017.sock"}}
{"t":{"$date":"2020-08-24T21:39:41.367+00:00"},"s":"I",  "c":"-",        "id":20520,   "ctx":"SignalHandler","msg":"Stopping further Flow Control ticket acquisitions."}
{"t":{"$date":"2020-08-24T21:39:41.368+00:00"},"s":"I",  "c":"-",        "id":4695300, "ctx":"SignalHandler","msg":"Interrupted all currently running operations","attr":{"opsKilled":3}}
{"t":{"$date":"2020-08-24T21:39:41.371+00:00"},"s":"I",  "c":"CONTROL",  "id":20609,   "ctx":"SignalHandler","msg":"Shutting down free monitoring"}
{"t":{"$date":"2020-08-24T21:39:41.373+00:00"},"s":"I",  "c":"FTDC",     "id":20626,   "ctx":"SignalHandler","msg":"Shutting down full-time diagnostic data capture"}
{"t":{"$date":"2020-08-24T21:39:41.393+00:00"},"s":"I",  "c":"STORAGE",  "id":20282,   "ctx":"SignalHandler","msg":"Deregistering all the collections"}
{"t":{"$date":"2020-08-24T21:39:41.396+00:00"},"s":"I",  "c":"STORAGE",  "id":22261,   "ctx":"SignalHandler","msg":"Timestamp monitor shutting down"}
{"t":{"$date":"2020-08-24T21:39:41.397+00:00"},"s":"I",  "c":"STORAGE",  "id":22317,   "ctx":"SignalHandler","msg":"WiredTigerKVEngine shutting down"}
{"t":{"$date":"2020-08-24T21:39:41.398+00:00"},"s":"I",  "c":"STORAGE",  "id":22318,   "ctx":"SignalHandler","msg":"Shutting down session sweeper thread"}
{"t":{"$date":"2020-08-24T21:39:41.399+00:00"},"s":"I",  "c":"STORAGE",  "id":22319,   "ctx":"SignalHandler","msg":"Finished shutting down session sweeper thread"}
{"t":{"$date":"2020-08-24T21:39:41.399+00:00"},"s":"I",  "c":"STORAGE",  "id":22320,   "ctx":"SignalHandler","msg":"Shutting down journal flusher thread"}
{"t":{"$date":"2020-08-24T21:39:41.400+00:00"},"s":"I",  "c":"STORAGE",  "id":22321,   "ctx":"SignalHandler","msg":"Finished shutting down journal flusher thread"}
{"t":{"$date":"2020-08-24T21:39:41.401+00:00"},"s":"I",  "c":"STORAGE",  "id":22322,   "ctx":"SignalHandler","msg":"Shutting down checkpoint thread"}
{"t":{"$date":"2020-08-24T21:39:41.405+00:00"},"s":"I",  "c":"STORAGE",  "id":22323,   "ctx":"SignalHandler","msg":"Finished shutting down checkpoint thread"}
{"t":{"$date":"2020-08-24T21:39:41.407+00:00"},"s":"I",  "c":"STORAGE",  "id":4795902, "ctx":"SignalHandler","msg":"Closing WiredTiger","attr":{"closeConfig":"leak_memory=true,"}}
{"t":{"$date":"2020-08-24T21:39:41.498+00:00"},"s":"I",  "c":"STORAGE",  "id":4795901, "ctx":"SignalHandler","msg":"WiredTiger closed","attr":{"durationMillis":91}}
{"t":{"$date":"2020-08-24T21:39:41.499+00:00"},"s":"I",  "c":"STORAGE",  "id":22279,   "ctx":"SignalHandler","msg":"shutdown: removing fs lock..."}
{"t":{"$date":"2020-08-24T21:39:41.502+00:00"},"s":"I",  "c":"CONTROL",  "id":20565,   "ctx":"SignalHandler","msg":"Now exiting"}
{"t":{"$date":"2020-08-24T21:39:41.505+00:00"},"s":"I",  "c":"CONTROL",  "id":23138,   "ctx":"SignalHandler","msg":"Shutting down","attr":{"exitCode":0}}
